<?xml version="1.0" encoding="UTF-8"?>
<!-- Generated by org.testng.reporters.JUnitReportReporter -->
<testsuite skipped="0" hostname="DineshReddy" name="TestCases.GetAllEmployees" tests="4" failures="0" timestamp="15 Jun 2020 19:36:47 GMT" time="0.021" errors="0">
  <testcase name="checkResponseBody" time="0.007" classname="TestCases.GetAllEmployees"/>
  <testcase name="checkStatusCode" time="0.003" classname="TestCases.GetAllEmployees"/>
  <testcase name="checkResponseTime" time="0.005" classname="TestCases.GetAllEmployees"/>
  <testcase name="checkContentLength" time="0.006" classname="TestCases.GetAllEmployees"/>
</testsuite> <!-- TestCases.GetAllEmployees -->
