<?xml version="1.0" encoding="UTF-8"?>
<!-- Generated by org.testng.reporters.JUnitReportReporter -->
<testsuite skipped="0" hostname="DineshReddy" name="TestCases.GetSingleEmployeeData" tests="4" failures="0" timestamp="15 Jun 2020 19:37:31 GMT" time="0.081" errors="0">
  <testcase name="checkResponseTime" time="0.004" classname="TestCases.GetSingleEmployeeData"/>
  <testcase name="checkContentLength" time="0.018" classname="TestCases.GetSingleEmployeeData"/>
  <testcase name="checkStatusCode" time="0.006" classname="TestCases.GetSingleEmployeeData"/>
  <testcase name="checkResposeBody" time="0.053" classname="TestCases.GetSingleEmployeeData"/>
</testsuite> <!-- TestCases.GetSingleEmployeeData -->
