<?xml version="1.0" encoding="UTF-8"?>
<!-- Generated by org.testng.reporters.JUnitReportReporter -->
<testsuite hostname="DESKTOP-F7A3THU" name="TestCases.GetAllEmployees" tests="4" failures="0" timestamp="22 Jun 2020 15:45:12 GMT" time="0.096" errors="0">
  <testcase name="checkResponseTime" time="0.006" classname="TestCases.GetAllEmployees"/>
  <testcase name="checkStatusCode" time="0.005" classname="TestCases.GetAllEmployees"/>
  <testcase name="checkContentLength" time="0.004" classname="TestCases.GetAllEmployees"/>
  <testcase name="checkResponseBody" time="0.081" classname="TestCases.GetAllEmployees"/>
</testsuite> <!-- TestCases.GetAllEmployees -->
