<?xml version="1.0" encoding="UTF-8"?>
<!-- Generated by org.testng.reporters.JUnitReportReporter -->
<testsuite skipped="0" hostname="DineshReddy" name="TestCases.DeleteEmployeeData" tests="1" failures="0" timestamp="15 Jun 2020 19:36:47 GMT" time="0.003" errors="0">
  <testcase name="checkStatusCode" time="0.003" classname="TestCases.DeleteEmployeeData"/>
</testsuite> <!-- TestCases.DeleteEmployeeData -->
