<?xml version="1.0" encoding="UTF-8"?>
<!-- Generated by org.testng.reporters.JUnitReportReporter -->
<testsuite skipped="0" hostname="DineshReddy" name="TestCases.PostEmployeeData" tests="2" failures="0" timestamp="15 Jun 2020 19:36:47 GMT" time="0.028" errors="0">
  <testcase name="checkResposeBody" time="0.026" classname="TestCases.PostEmployeeData"/>
  <testcase name="checkStatusCode" time="0.002" classname="TestCases.PostEmployeeData"/>
</testsuite> <!-- TestCases.PostEmployeeData -->
