<?xml version="1.0" encoding="UTF-8"?>
<!-- Generated by org.testng.reporters.JUnitReportReporter -->
<testsuite skipped="0" hostname="DineshReddy" name="RestAssuredPractice.AddDataCompletely" tests="1" failures="0" timestamp="2020-03-08T14:37:52 IST" time="1.251" errors="0">
  <testcase name="putData" time="1.251" classname="RestAssuredPractice.AddDataCompletely"/>
</testsuite> <!-- RestAssuredPractice.AddDataCompletely -->
