<?xml version="1.0" encoding="UTF-8"?>
<!-- Generated by org.testng.reporters.JUnitReportReporter -->
<testsuite skipped="0" hostname="DineshReddy" name="JSONPath.FetchCountryCodeByName" tests="1" failures="0" timestamp="2020-05-25T17:49:16 IST" time="3.015" errors="0">
  <testcase name="codeByName" time="3.015" classname="JSONPath.FetchCountryCodeByName"/>
</testsuite> <!-- JSONPath.FetchCountryCodeByName -->
