<?xml version="1.0" encoding="UTF-8"?>
<!-- Generated by org.testng.reporters.JUnitReportReporter -->
<testsuite skipped="0" hostname="DineshReddy" name="RestAssuredPractice.AddDataPartially" tests="1" failures="0" timestamp="2020-03-08T14:28:00 IST" time="1.261" errors="0">
  <testcase name="patchData" time="1.261" classname="RestAssuredPractice.AddDataPartially"/>
</testsuite> <!-- RestAssuredPractice.AddDataPartially -->
