<?xml version="1.0" encoding="UTF-8"?>
<!-- Generated by org.testng.reporters.JUnitReportReporter -->
<testsuite skipped="0" hostname="DineshReddy" name="RealTimeAPI.AuthenticationAPI" tests="1" failures="0" timestamp="2020-06-14T16:38:51 IST" time="2.877" errors="0">
  <testcase name="TestAuthorization" time="2.877" classname="RealTimeAPI.AuthenticationAPI"/>
</testsuite> <!-- RealTimeAPI.AuthenticationAPI -->
