<?xml version="1.0" encoding="UTF-8"?>
<!-- Generated by org.testng.reporters.JUnitReportReporter -->
<testsuite skipped="0" hostname="DineshReddy" name="RealTimeAPI.FetchPosts" tests="1" failures="0" timestamp="2020-05-09T07:03:57 IST" time="9.674" errors="0">
  <testcase name="getData" time="9.674" classname="RealTimeAPI.FetchPosts"/>
</testsuite> <!-- RealTimeAPI.FetchPosts -->
