<?xml version="1.0" encoding="UTF-8"?>
<!-- Generated by org.testng.reporters.JUnitReportReporter -->
<testsuite skipped="0" hostname="DineshReddy" name="RestAssuredPractice.FetchData" tests="1" failures="0" timestamp="2020-03-07T16:10:52 IST" time="1.579" errors="0">
  <testcase name="getData" time="1.579" classname="RestAssuredPractice.FetchData"/>
</testsuite> <!-- RestAssuredPractice.FetchData -->
