<?xml version="1.0" encoding="UTF-8"?>
<!-- Generated by org.testng.reporters.JUnitReportReporter -->
<testsuite skipped="0" hostname="DineshReddy" name="JSONPath.CheckJsonPath" tests="1" failures="0" timestamp="2020-05-09T13:09:35 IST" time="2.932" errors="0">
  <testcase name="jsonContentFetching" time="2.932" classname="JSONPath.CheckJsonPath"/>
</testsuite> <!-- JSONPath.CheckJsonPath -->
