<?xml version="1.0" encoding="UTF-8"?>
<!-- Generated by org.testng.reporters.JUnitReportReporter -->
<testsuite skipped="0" hostname="DineshReddy" name="RestAssuredPractice.FetchData" tests="1" failures="0" timestamp="2020-05-25T17:12:28 IST" time="1.336" errors="0">
  <testcase name="getData" time="1.336" classname="RestAssuredPractice.FetchData"/>
</testsuite> <!-- RestAssuredPractice.FetchData -->
