<?xml version="1.0" encoding="UTF-8"?>
<!-- Generated by org.testng.reporters.JUnitReportReporter -->
<testsuite skipped="0" hostname="DineshReddy" name="RestAssuredPractice.AddData" tests="1" failures="0" timestamp="2020-03-07T17:01:26 IST" time="1.665" errors="0">
  <testcase name="postData" time="1.665" classname="RestAssuredPractice.AddData"/>
</testsuite> <!-- RestAssuredPractice.AddData -->
