<?xml version="1.0" encoding="UTF-8"?>
<!-- Generated by org.testng.reporters.JUnitReportReporter -->
<testsuite skipped="0" hostname="DineshReddy" name="RestAssuredPractice.AddData" tests="1" failures="0" timestamp="2020-06-14T12:17:00 IST" time="1.902" errors="0">
  <testcase name="postData" time="1.902" classname="RestAssuredPractice.AddData"/>
</testsuite> <!-- RestAssuredPractice.AddData -->
