<?xml version="1.0" encoding="UTF-8"?>
<!-- Generated by org.testng.reporters.JUnitReportReporter -->
<testsuite skipped="0" hostname="DineshReddy" name="RealTimeAPI.AddEmployeeData" tests="1" failures="0" timestamp="2020-03-08T16:00:37 IST" time="2.529" errors="0">
  <testcase name="addEmployeeData" time="2.529" classname="RealTimeAPI.AddEmployeeData"/>
</testsuite> <!-- RealTimeAPI.AddEmployeeData -->
