<?xml version="1.0" encoding="UTF-8"?>
<!-- Generated by org.testng.reporters.JUnitReportReporter -->
<testsuite skipped="0" hostname="DineshReddy" name="RealTimeAPI.FetchAllCountries" tests="1" failures="0" timestamp="2020-03-08T15:06:33 IST" time="5.408" errors="0">
  <testcase name="getCountriesDetails" time="5.408" classname="RealTimeAPI.FetchAllCountries"/>
</testsuite> <!-- RealTimeAPI.FetchAllCountries -->
