<?xml version="1.0" encoding="UTF-8"?>
<!-- Generated by org.testng.reporters.JUnitReportReporter -->
<testsuite skipped="0" hostname="DineshReddy" name="Assertions.RespTimeAssertion" tests="1" failures="0" timestamp="2020-05-09T12:45:06 IST" time="2.524" errors="0">
  <testcase name="assertionTest" time="2.524" classname="Assertions.RespTimeAssertion"/>
</testsuite> <!-- Assertions.RespTimeAssertion -->
