<?xml version="1.0" encoding="UTF-8"?>
<!-- Generated by org.testng.reporters.JUnitReportReporter -->
<testsuite skipped="0" hostname="DineshReddy" name="Assertions.RespTimeAssertion" tests="1" failures="0" timestamp="2020-06-04T21:29:19 IST" time="4.000" errors="0">
  <testcase name="assertionTest" time="4.000" classname="Assertions.RespTimeAssertion"/>
</testsuite> <!-- Assertions.RespTimeAssertion -->
