<?xml version="1.0" encoding="UTF-8"?>
<!-- Generated by org.testng.reporters.JUnitReportReporter -->
<testsuite skipped="0" hostname="DineshReddy" name="RestAssuredPractice.RemoveData" tests="1" failures="0" timestamp="2020-06-04T16:04:03 IST" time="1.362" errors="0">
  <testcase name="deletaData" time="1.362" classname="RestAssuredPractice.RemoveData"/>
</testsuite> <!-- RestAssuredPractice.RemoveData -->
