<?xml version="1.0" encoding="UTF-8"?>
<!-- Generated by org.testng.reporters.JUnitReportReporter -->
<testsuite skipped="0" hostname="DineshReddy" name="Assertions.CheckAssertion" tests="1" failures="0" timestamp="2020-05-09T07:31:56 IST" time="9.124" errors="0">
  <testcase name="assertionTest" time="9.124" classname="Assertions.CheckAssertion"/>
</testsuite> <!-- Assertions.CheckAssertion -->
