<?xml version="1.0" encoding="UTF-8"?>
<!-- Generated by org.testng.reporters.JUnitReportReporter -->
<testsuite skipped="1" hostname="DineshReddy" name="DataDriven.DataDrivenTest" tests="1" failures="0" timestamp="2020-06-14T23:16:32 IST" time="0.000" errors="0">
  <testcase name="createEmployess" time="0.000" classname="DataDriven.DataDrivenTest">
    <skipped/>
  </testcase> <!-- createEmployess -->
</testsuite> <!-- DataDriven.DataDrivenTest -->
