<?xml version="1.0" encoding="UTF-8"?>
<!-- Generated by org.testng.reporters.JUnitReportReporter -->
<testsuite skipped="0" hostname="DineshReddy" name="Parametrization.FormParam" tests="1" failures="0" timestamp="2020-05-09T12:33:46 IST" time="2.825" errors="0">
  <testcase name="getData" time="2.825" classname="Parametrization.FormParam"/>
</testsuite> <!-- Parametrization.FormParam -->
