<?xml version="1.0" encoding="UTF-8"?>
<!-- Generated by org.testng.reporters.JUnitReportReporter -->
<testsuite skipped="0" hostname="DineshReddy" name="JSONPath.GetCurrencyCode" tests="1" failures="0" timestamp="2020-05-09T13:29:32 IST" time="3.640" errors="0">
  <testcase name="currencyCode" time="3.640" classname="JSONPath.GetCurrencyCode"/>
</testsuite> <!-- JSONPath.GetCurrencyCode -->
