<?xml version="1.0" encoding="UTF-8"?>
<!-- Generated by org.testng.reporters.JUnitReportReporter -->
<testsuite skipped="0" hostname="DineshReddy" name="RestAssuredPractice.FetchData" tests="1" failures="0" timestamp="2020-06-14T12:15:55 IST" time="1.533" errors="0">
  <testcase name="getData" time="1.533" classname="RestAssuredPractice.FetchData"/>
</testsuite> <!-- RestAssuredPractice.FetchData -->
