<?xml version="1.0" encoding="UTF-8"?>
<!-- Generated by org.testng.reporters.JUnitReportReporter -->
<testsuite skipped="0" hostname="DineshReddy" name="Parametrization.FetchPosts" tests="1" failures="0" timestamp="2020-05-09T07:37:54 IST" time="7.588" errors="0">
  <testcase name="getData" time="7.588" classname="Parametrization.FetchPosts"/>
</testsuite> <!-- Parametrization.FetchPosts -->
