<?xml version="1.0" encoding="UTF-8"?>
<!-- Generated by org.testng.reporters.JUnitReportReporter -->
<testsuite skipped="0" hostname="DineshReddy" name="RestAssuredPractice.RemoveData" tests="1" failures="0" timestamp="2020-03-07T16:10:21 IST" time="1.898" errors="0">
  <testcase name="deletaData" time="1.898" classname="RestAssuredPractice.RemoveData"/>
</testsuite> <!-- RestAssuredPractice.RemoveData -->
