<?xml version="1.0" encoding="UTF-8"?>
<!-- Generated by org.testng.reporters.JUnitReportReporter -->
<testsuite skipped="0" hostname="DineshReddy" name="Parametrization.PathParameter" tests="1" failures="0" timestamp="2020-05-09T07:47:20 IST" time="7.750" errors="0">
  <testcase name="pathParam" time="7.750" classname="Parametrization.PathParameter"/>
</testsuite> <!-- Parametrization.PathParameter -->
