<?xml version="1.0" encoding="UTF-8"?>
<!-- Generated by org.testng.reporters.JUnitReportReporter -->
<testsuite hostname="Windows81" name="com.api.testScripts.AddNewDataTest" tests="1" failures="0" timestamp="2 May 2020 02:43:35 GMT" time="7.894" errors="0">
  <testcase name="addNewPost" time="7.894" classname="com.api.testScripts.AddNewDataTest"/>
</testsuite> <!-- com.api.testScripts.AddNewDataTest -->
