<?xml version="1.0" encoding="UTF-8"?>
<!-- Generated by org.testng.reporters.JUnitReportReporter -->
<testsuite hostname="Windows81" name="com.api.testScripts.AddComplexData" tests="1" failures="0" timestamp="3 May 2020 02:33:33 GMT" time="32.298" errors="0">
  <testcase name="insertComplexData" time="32.298" classname="com.api.testScripts.AddComplexData"/>
</testsuite> <!-- com.api.testScripts.AddComplexData -->
