<?xml version="1.0" encoding="UTF-8"?>
<!-- Generated by org.testng.reporters.JUnitReportReporter -->
<testsuite hostname="DineshReddy" name="com.api.testScripts.getAllCountriesTest" tests="1" failures="0" timestamp="17 Jun 2020 06:00:20 GMT" time="2.675" errors="0">
  <testcase name="fetchAllCountry" time="2.675" classname="com.api.testScripts.getAllCountriesTest"/>
</testsuite> <!-- com.api.testScripts.getAllCountriesTest -->
