<?xml version="1.0" encoding="UTF-8"?>
<!-- Generated by org.testng.reporters.JUnitReportReporter -->
<testsuite hostname="DineshReddy" name="com.api.testScripts.GetAllEmployeesTest" tests="1" failures="0" timestamp="17 Jun 2020 06:09:52 GMT" time="2.238" errors="0">
  <testcase name="fetchAllEmployess" time="2.238" classname="com.api.testScripts.GetAllEmployeesTest"/>
</testsuite> <!-- com.api.testScripts.GetAllEmployeesTest -->
